100
output_path:/scratch/tmp/gali/runs/
current_range:100
The name of this task is PDP_currentrange_100
mypath:/scratch/tmp/gali/runs/PDP_currentrange_100
/scratch/tmp/gali/runs/PDP_currentrange_100/PDP_drcif created.
max_length:1378
**************current_range:100******************************************
model_path:/scratch/tmp/gali/runs_Task3_drcif/drcif_slidingWindow_currentrange_100/Results_slidingWindow_DrCIF/drcif_model_Task3_100.pkl
global_min_train:-16.88997, global_max_train:14.8361
x_train shape is: (1467, 12)
x_test shape is: (367, 12)
*(100,)
**(100,)
***(100,)
Number of classes in train_data: (array([0, 1, 2, 3, 4, 5, 6, 7]), array([181, 184, 185, 183, 185, 185, 181, 183]))
Number of classes in test_data: (array([0, 1, 2, 3, 4, 5, 6, 7]), array([45, 46, 46, 46, 46, 46, 46, 46]))
start to load model
feature:0
feature:1
feature:2
feature:3
feature:4
feature:5
feature:6
feature:7
feature:8
feature:9
feature:10
feature:11
time for PDP calculation in seconds:
23203.360305786133
################################# JOB REPORT ##################################
Job ID: 31771497
Cluster: palma2
User/Group: gali/u0dawin
State: COMPLETED (exit code 0)
Cores: 1
CPU Utilized: 06:24:06
CPU Efficiency: 99.14% of 06:27:26 core-walltime
Job Wall-clock time: 06:27:26
Memory Utilized: 1.91 GB
Memory Efficiency: 1.91% of 100.00 GB
###############################################################################
