1000
output_path:/scratch/tmp/gali/runs/
current_range:1000
target_class:5
The name of this task is PDP_currentrange_1000_class_5
mypath:/scratch/tmp/gali/runs/PDP_currentrange_1000_class_5
/scratch/tmp/gali/runs/PDP_currentrange_1000_class_5/PDP_drcif created.
max_length:1436
**************current_range:1000******************************************
model_path:/scratch/tmp/gali/runs_Task1_drcif_save/drcif_slidingWindow_currentrange_1000/Results_slidingWindow_DrCIF/drcif_model_Task1_1000.pkl
global_min_train:-16.67141543543544, global_max_train:15.111525635635637
x_train shape is: (1096, 12)
x_test shape is: (274, 12)
*(1000,)
**(1000,)
***(1000,)
Number of classes in train_data: (array([0, 1, 2, 3, 4, 5, 6, 7]), array([138, 138, 137, 138, 137, 136, 138, 134]))
Number of classes in test_data: (array([0, 1, 2, 3, 4, 5, 6, 7]), array([34, 35, 34, 35, 34, 34, 34, 34]))
start to load model
target_class:5
feature:0
feature:1
feature:2
feature:3
feature:4
feature:5
feature:6
feature:7
feature:8
feature:9
feature:10
feature:11
plotted
start to train time in seconds:
################################# JOB REPORT ##################################
Job ID: 30766136
Cluster: palma2
User/Group: gali/u0dawin
State: COMPLETED (exit code 0)
Cores: 1
CPU Utilized: 04:37:08
CPU Efficiency: 99.15% of 04:39:31 core-walltime
Job Wall-clock time: 04:39:31
Memory Utilized: 2.36 GB
Memory Efficiency: 2.36% of 100.00 GB
###############################################################################
