460
output_path:/scratch/tmp/gali/runs/
current_range:460
The name of this task is PDP_currentrange_460
mypath:/scratch/tmp/gali/runs/PDP_currentrange_460
/scratch/tmp/gali/runs/PDP_currentrange_460/PDP_drcif created.
max_length:1378
**************current_range:460******************************************
model_path:/scratch/tmp/gali/runs_Task3_drcif/drcif_slidingWindow_currentrange_460/Results_slidingWindow_DrCIF/drcif_model_Task3_460.pkl
global_min_train:-19.2673, global_max_train:14.8361
x_train shape is: (1467, 12)
x_test shape is: (367, 12)
*(460,)
**(460,)
***(460,)
Number of classes in train_data: (array([0, 1, 2, 3, 4, 5, 6, 7]), array([181, 184, 185, 183, 185, 185, 181, 183]))
Number of classes in test_data: (array([0, 1, 2, 3, 4, 5, 6, 7]), array([45, 46, 46, 46, 46, 46, 46, 46]))
start to load model
feature:0
feature:1
feature:2
feature:3
feature:4
feature:5
feature:6
feature:7
feature:8
feature:9
feature:10
feature:11
time for PDP calculation in seconds:
19416.26666522026
################################# JOB REPORT ##################################
Job ID: 31771533
Cluster: palma2
User/Group: gali/u0dawin
State: COMPLETED (exit code 0)
Cores: 1
CPU Utilized: 05:21:23
CPU Efficiency: 99.11% of 05:24:17 core-walltime
Job Wall-clock time: 05:24:17
Memory Utilized: 2.29 GB
Memory Efficiency: 2.29% of 100.00 GB
###############################################################################
