310
output_path:/scratch/tmp/gali/runs/
current_range:310
The name of this task is PDP_currentrange_310
mypath:/scratch/tmp/gali/runs/PDP_currentrange_310
/scratch/tmp/gali/runs/PDP_currentrange_310/PDP_drcif created.
max_length:1378
**************current_range:310******************************************
model_path:/scratch/tmp/gali/runs_Task3_drcif/drcif_slidingWindow_currentrange_310/Results_slidingWindow_DrCIF/drcif_model_Task3_310.pkl
global_min_train:-17.5592, global_max_train:14.8361
x_train shape is: (1467, 12)
x_test shape is: (367, 12)
*(310,)
**(310,)
***(310,)
Number of classes in train_data: (array([0, 1, 2, 3, 4, 5, 6, 7]), array([181, 184, 185, 183, 185, 185, 181, 183]))
Number of classes in test_data: (array([0, 1, 2, 3, 4, 5, 6, 7]), array([45, 46, 46, 46, 46, 46, 46, 46]))
start to load model
feature:0
feature:1
feature:2
feature:3
feature:4
feature:5
feature:6
feature:7
feature:8
feature:9
feature:10
feature:11
time for PDP calculation in seconds:
21534.87363576889
################################# JOB REPORT ##################################
Job ID: 31771518
Cluster: palma2
User/Group: gali/u0dawin
State: COMPLETED (exit code 0)
Cores: 1
CPU Utilized: 05:56:13
CPU Efficiency: 99.09% of 05:59:29 core-walltime
Job Wall-clock time: 05:59:29
Memory Utilized: 2.22 GB
Memory Efficiency: 2.22% of 100.00 GB
###############################################################################
