1270
output_path:/scratch/tmp/gali/runs/
current_range:1270
The name of this task is PDP_currentrange_1270
mypath:/scratch/tmp/gali/runs/PDP_currentrange_1270
/scratch/tmp/gali/runs/PDP_currentrange_1270/PDP_drcif created.
max_length:1378
**************current_range:1270******************************************
model_path:/scratch/tmp/gali/runs_Task3_drcif/drcif_slidingWindow_currentrange_1270/Results_slidingWindow_DrCIF/drcif_model_Task3_1270.pkl
global_min_train:-19.267224586288414, global_max_train:14.8361
x_train shape is: (1467, 12)
x_test shape is: (367, 12)
*(1270,)
**(1270,)
***(1270,)
Number of classes in train_data: (array([0, 1, 2, 3, 4, 5, 6, 7]), array([181, 184, 185, 183, 185, 185, 181, 183]))
Number of classes in test_data: (array([0, 1, 2, 3, 4, 5, 6, 7]), array([45, 46, 46, 46, 46, 46, 46, 46]))
start to load model
feature:0
feature:1
feature:2
feature:3
feature:4
feature:5
feature:6
feature:7
feature:8
feature:9
feature:10
feature:11
time for PDP calculation in seconds:
11461.874227046967
################################# JOB REPORT ##################################
Job ID: 31771614
Cluster: palma2
User/Group: gali/u0dawin
State: COMPLETED (exit code 0)
Cores: 1
CPU Utilized: 03:10:06
CPU Efficiency: 99.30% of 03:11:26 core-walltime
Job Wall-clock time: 03:11:26
Memory Utilized: 3.47 GB
Memory Efficiency: 3.47% of 100.00 GB
###############################################################################
