1200
output_path:/scratch/tmp/gali/runs/
current_range:1200
The name of this task is PDP_currentrange_1200
mypath:/scratch/tmp/gali/runs/PDP_currentrange_1200
/scratch/tmp/gali/runs/PDP_currentrange_1200/PDP_drcif created.
max_length:1378
**************current_range:1200******************************************
model_path:/scratch/tmp/gali/runs_Task3_drcif/drcif_slidingWindow_currentrange_1200/Results_slidingWindow_DrCIF/drcif_model_Task3_1200.pkl
global_min_train:-19.267174311926606, global_max_train:14.8361
x_train shape is: (1467, 12)
x_test shape is: (367, 12)
*(1200,)
**(1200,)
***(1200,)
Number of classes in train_data: (array([0, 1, 2, 3, 4, 5, 6, 7]), array([181, 184, 185, 183, 185, 185, 181, 183]))
Number of classes in test_data: (array([0, 1, 2, 3, 4, 5, 6, 7]), array([45, 46, 46, 46, 46, 46, 46, 46]))
start to load model
feature:0
feature:1
feature:2
feature:3
feature:4
feature:5
feature:6
feature:7
feature:8
feature:9
feature:10
feature:11
time for PDP calculation in seconds:
16578.428552389145
################################# JOB REPORT ##################################
Job ID: 31771607
Cluster: palma2
User/Group: gali/u0dawin
State: COMPLETED (exit code 0)
Cores: 1
CPU Utilized: 04:33:58
CPU Efficiency: 98.90% of 04:37:00 core-walltime
Job Wall-clock time: 04:37:00
Memory Utilized: 3.39 GB
Memory Efficiency: 3.39% of 100.00 GB
###############################################################################
