970
output_path:/scratch/tmp/gali/runs/
current_range:970
The name of this task is PDP_currentrange_970
mypath:/scratch/tmp/gali/runs/PDP_currentrange_970
/scratch/tmp/gali/runs/PDP_currentrange_970/PDP_drcif created.
max_length:1436
**************current_range:970******************************************
model_path:/scratch/tmp/gali/runs_Task1_drcif_save/drcif_slidingWindow_currentrange_970/Results_slidingWindow_DrCIF/drcif_model_Task1_970.pkl
global_min_train:-16.671434613003097, global_max_train:15.112368596491228
x_train shape is: (1096, 12)
x_test shape is: (274, 12)
*(970,)
**(970,)
***(970,)
Number of classes in train_data: (array([0, 1, 2, 3, 4, 5, 6, 7]), array([138, 138, 137, 138, 137, 136, 138, 134]))
Number of classes in test_data: (array([0, 1, 2, 3, 4, 5, 6, 7]), array([34, 35, 34, 35, 34, 34, 34, 34]))
start to load model
feature:0
feature:1
feature:2
feature:3
feature:4
feature:5
feature:6
feature:7
feature:8
feature:9
feature:10
feature:11
time for PDP calculation in seconds:
16538.92874932289
################################# JOB REPORT ##################################
Job ID: 31767753
Cluster: palma2
User/Group: gali/u0dawin
State: COMPLETED (exit code 0)
Cores: 1
CPU Utilized: 04:33:45
CPU Efficiency: 99.10% of 04:36:15 core-walltime
Job Wall-clock time: 04:36:15
Memory Utilized: 2.33 GB
Memory Efficiency: 2.33% of 100.00 GB
###############################################################################
