570
output_path:/scratch/tmp/gali/runs/
current_range:570
The name of this task is PDP_currentrange_570
mypath:/scratch/tmp/gali/runs/PDP_currentrange_570
/scratch/tmp/gali/runs/PDP_currentrange_570/PDP_drcif created.
max_length:1378
**************current_range:570******************************************
model_path:/scratch/tmp/gali/runs_Task3_drcif/drcif_slidingWindow_currentrange_570/Results_slidingWindow_DrCIF/drcif_model_Task3_570.pkl
global_min_train:-19.267143409490334, global_max_train:14.8361
x_train shape is: (1467, 12)
x_test shape is: (367, 12)
*(570,)
**(570,)
***(570,)
Number of classes in train_data: (array([0, 1, 2, 3, 4, 5, 6, 7]), array([181, 184, 185, 183, 185, 185, 181, 183]))
Number of classes in test_data: (array([0, 1, 2, 3, 4, 5, 6, 7]), array([45, 46, 46, 46, 46, 46, 46, 46]))
start to load model
feature:0
feature:1
feature:2
feature:3
feature:4
feature:5
feature:6
feature:7
feature:8
feature:9
feature:10
feature:11
time for PDP calculation in seconds:
22081.080096244812
################################# JOB REPORT ##################################
Job ID: 31771544
Cluster: palma2
User/Group: gali/u0dawin
State: COMPLETED (exit code 0)
Cores: 1
CPU Utilized: 06:04:42
CPU Efficiency: 98.92% of 06:08:41 core-walltime
Job Wall-clock time: 06:08:41
Memory Utilized: 2.63 GB
Memory Efficiency: 2.63% of 100.00 GB
###############################################################################
